2020-01-25 17:26:48,305 INFO  [main] root: Connection Established
2020-01-25 17:26:48,310 INFO  [main] root: Connection Successful
2020-01-25 17:26:56,777 INFO  [main] root: Sent Message: Status is PUT; Key is hey; Value is hhhh
2020-01-25 17:26:56,781 ERROR [main] root: java.net.SocketException: Broken pipe (Write failed)
2020-01-25 17:28:18,635 INFO  [main] root: Connection Established
2020-01-25 17:28:18,640 INFO  [main] root: Connection Successful
2020-01-25 17:28:41,563 INFO  [main] root: Sent Message: Status is PUT; Key is {}; Value is null
2020-01-25 17:28:41,567 ERROR [main] root: java.net.SocketException: Broken pipe (Write failed)
2020-01-25 17:29:10,146 INFO  [main] root: Sent Message: Status is PUT; Key is {key; Value is = sss,value = www}
2020-01-25 17:29:10,147 ERROR [main] root: java.net.SocketException: Broken pipe (Write failed)
2020-01-25 17:29:30,459 INFO  [main] root: connect <ServerAddress> <PortNumber> ; put <key> <value>; get <key>; disconnect; help;
2020-01-25 17:29:46,979 INFO  [main] root: connect <ServerAddress> <PortNumber> ; put <key> <value>; get <key>; disconnect; help;
2020-01-25 17:29:49,083 INFO  [main] root: connect <ServerAddress> <PortNumber> ; put <key> <value>; get <key>; disconnect; help;
2020-01-25 17:29:51,619 INFO  [main] root: try to close connection ...
2020-01-25 17:29:51,619 INFO  [main] root: tearing down the connection ...
2020-01-25 17:29:51,619 INFO  [main] root: connection closed!
2020-01-25 17:29:51,619 INFO  [main] root: Client> Application exit!
2020-01-25 17:33:28,368 INFO  [main] root: Connection Established
2020-01-25 17:33:28,373 INFO  [main] root: Connection Successful
2020-01-25 17:33:32,110 INFO  [main] root: connect <ServerAddress> <PortNumber> ; put <key> <value>; get <key>; disconnect; help;
2020-01-25 17:33:35,359 INFO  [main] root: Sent Message: Status is PUT; Key is aaa; Value is sss
2020-01-25 17:33:35,448 INFO  [main] root: Received Message: Status is PUT_SUCCESS; Key is aaa; Value is sss
2020-01-25 18:51:02,387 INFO  [main] root: Connection Established
2020-01-25 18:51:02,394 INFO  [main] root: Connection Successful
2020-01-25 18:51:07,392 INFO  [main] root: Sent Message: Status is PUT; Key is foo; Value is bar
2020-01-25 18:51:07,548 INFO  [main] root: Received Message: Status is PUT_SUCCESS; Key is foo; Value is bar
2020-01-25 18:51:15,708 INFO  [main] root: Sent Message: Status is GET; Key is foo; Value is null
2020-01-25 18:51:15,709 INFO  [main] root: Received Message: Status is GET_SUCCESS; Key is foo; Value is bar
2020-01-25 18:52:48,183 INFO  [main] root: Connection Established
2020-01-25 18:52:48,190 INFO  [main] root: Connection Successful
2020-01-25 18:52:54,714 INFO  [main] root: Sent Message: Status is PUT; Key is foo1; Value is bar1
2020-01-25 18:52:54,873 INFO  [main] root: Received Message: Status is PUT_SUCCESS; Key is foo1; Value is bar1
2020-01-25 18:53:02,749 INFO  [main] root: Sent Message: Status is PUT; Key is foo2; Value is bar2
2020-01-25 18:53:02,756 INFO  [main] root: Received Message: Status is PUT_SUCCESS; Key is foo2; Value is bar2
2020-01-25 18:53:07,877 INFO  [main] root: Sent Message: Status is PUT; Key is foo3; Value is bar3
2020-01-25 18:53:07,885 INFO  [main] root: Received Message: Status is PUT_SUCCESS; Key is foo3; Value is bar3
2020-01-25 18:53:14,752 INFO  [main] root: Sent Message: Status is PUT; Key is foo4; Value is bar4
2020-01-25 18:53:14,760 INFO  [main] root: Received Message: Status is PUT_SUCCESS; Key is foo4; Value is bar4
2020-01-25 18:53:18,184 INFO  [main] root: Sent Message: Status is GET; Key is foo3; Value is null
2020-01-25 18:53:18,187 INFO  [main] root: Received Message: Status is GET_SUCCESS; Key is foo3; Value is bar3
