2020-01-25 17:24:55,519 INFO  [Thread-0] root: Initialize server ...
2020-01-25 17:24:55,522 INFO  [Thread-0] root: Server listening on port: 1555
2020-01-25 17:26:48,324 INFO  [Thread-0] root: Connected to localhost on port 41722
2020-01-25 17:28:18,640 INFO  [Thread-0] root: Connected to localhost on port 41738
2020-01-25 17:32:59,782 INFO  [Thread-0] root: Initialize server ...
2020-01-25 17:32:59,785 ERROR [Thread-0] root: Error! Cannot open server socket:
2020-01-25 17:32:59,785 ERROR [Thread-0] root: Port 1555 is already bound!
2020-01-25 17:32:59,785 INFO  [Thread-0] root: Server terminated.
2020-01-25 17:33:12,036 INFO  [Thread-0] root: Initialize server ...
2020-01-25 17:33:12,039 INFO  [Thread-0] root: Server listening on port: 1595
2020-01-25 17:33:28,377 INFO  [Thread-0] root: Connected to localhost on port 34360
2020-01-25 17:33:35,367 INFO  [Thread-1] root: Received Message: Status is PUT; Key is aaa; Value is sss
2020-01-25 17:33:35,404 ERROR [Thread-1] root: java.lang.NullPointerException
2020-01-25 17:33:35,434 INFO  [Thread-1] root: Write to File
2020-01-25 17:33:35,446 INFO  [Thread-1] root: serialized location data stored in {aaa=persistentStorage.locationData@f4e0a88}
2020-01-25 17:33:35,446 INFO  [Thread-1] root: Sent Message: Status is PUT_SUCCESS; Key is aaa; Value is sss
2020-01-25 18:48:57,715 INFO  [main] root: Initialize FIFO cache with cache size: 3
2020-01-25 18:48:57,718 INFO  [Thread-0] root: Initialize server ...
2020-01-25 18:48:57,720 INFO  [Thread-0] root: Server listening on port: 56269
2020-01-25 18:51:02,426 INFO  [Thread-0] root: Connected to 192.168.0.17 on port 56280
2020-01-25 18:51:07,411 INFO  [Thread-1] root: Received Message: Status is PUT; Key is foo; Value is bar
2020-01-25 18:51:07,456 ERROR [Thread-1] root: java.lang.NullPointerException
2020-01-25 18:51:07,456 INFO  [Thread-1] root: Finished put; key: foo, value: bar
2020-01-25 18:51:07,523 INFO  [Thread-1] root: Write to File
2020-01-25 18:51:07,545 INFO  [Thread-1] root: serialized location data stored in {foo=persistentStorage.locationData@3adb66e0}
2020-01-25 18:51:07,545 INFO  [Thread-1] root: Sent Message: Status is PUT_SUCCESS; Key is foo; Value is bar
2020-01-25 18:51:15,708 INFO  [Thread-1] root: Received Message: Status is GET; Key is foo; Value is null
2020-01-25 18:51:15,709 INFO  [Thread-1] root: Finished put; key: foo
2020-01-25 18:51:15,709 INFO  [Thread-1] root: Sent Message: Status is GET_SUCCESS; Key is foo; Value is bar
2020-01-25 18:51:43,543 ERROR [Thread-1] root: Error! Server or client lost.java.io.EOFException
2020-01-25 18:52:24,999 INFO  [main] root: Initialize FIFO cache with cache size: 3
2020-01-25 18:52:25,006 INFO  [Thread-0] root: Initialize server ...
2020-01-25 18:52:25,008 INFO  [Thread-0] root: Server listening on port: 56301
2020-01-25 18:52:48,193 INFO  [Thread-0] root: Connected to 192.168.0.17 on port 56305
2020-01-25 18:52:54,732 INFO  [Thread-1] root: Received Message: Status is PUT; Key is foo1; Value is bar1
2020-01-25 18:52:54,796 ERROR [Thread-1] root: java.lang.NullPointerException
2020-01-25 18:52:54,797 INFO  [Thread-1] root: Finished put; key: foo1, value: bar1
2020-01-25 18:52:54,868 INFO  [Thread-1] root: Write to File
2020-01-25 18:52:54,870 INFO  [Thread-1] root: serialized location data stored in {foo=persistentStorage.locationData@23dc3a5b, foo1=persistentStorage.locationData@6e953506}
2020-01-25 18:52:54,870 INFO  [Thread-1] root: Sent Message: Status is PUT_SUCCESS; Key is foo1; Value is bar1
2020-01-25 18:53:02,749 INFO  [Thread-1] root: Received Message: Status is PUT; Key is foo2; Value is bar2
2020-01-25 18:53:02,751 ERROR [Thread-1] root: java.lang.NullPointerException
2020-01-25 18:53:02,752 INFO  [Thread-1] root: Finished put; key: foo2, value: bar2
2020-01-25 18:53:02,755 INFO  [Thread-1] root: Write to File
2020-01-25 18:53:02,756 INFO  [Thread-1] root: serialized location data stored in {foo=persistentStorage.locationData@3f71fa34, foo1=persistentStorage.locationData@6eacb57e, foo2=persistentStorage.locationData@dc82985}
2020-01-25 18:53:02,756 INFO  [Thread-1] root: Sent Message: Status is PUT_SUCCESS; Key is foo2; Value is bar2
2020-01-25 18:53:07,878 INFO  [Thread-1] root: Received Message: Status is PUT; Key is foo3; Value is bar3
2020-01-25 18:53:07,880 ERROR [Thread-1] root: java.lang.NullPointerException
2020-01-25 18:53:07,881 INFO  [Thread-1] root: Finished put; key: foo3, value: bar3
2020-01-25 18:53:07,884 INFO  [Thread-1] root: Write to File
2020-01-25 18:53:07,884 INFO  [Thread-1] root: serialized location data stored in {foo=persistentStorage.locationData@7cd57612, foo1=persistentStorage.locationData@cdf8eaf, foo2=persistentStorage.locationData@46e764e, foo3=persistentStorage.locationData@28894340}
2020-01-25 18:53:07,884 INFO  [Thread-1] root: Sent Message: Status is PUT_SUCCESS; Key is foo3; Value is bar3
2020-01-25 18:53:14,752 INFO  [Thread-1] root: Received Message: Status is PUT; Key is foo4; Value is bar4
2020-01-25 18:53:14,756 ERROR [Thread-1] root: java.lang.NullPointerException
2020-01-25 18:53:14,757 INFO  [Thread-1] root: Finished put; key: foo4, value: bar4
2020-01-25 18:53:14,758 INFO  [Thread-1] root: Write to File
2020-01-25 18:53:14,760 INFO  [Thread-1] root: serialized location data stored in {foo=persistentStorage.locationData@c0c8094, foo1=persistentStorage.locationData@23fe30b4, foo2=persistentStorage.locationData@538e4f7c, foo3=persistentStorage.locationData@6b879154, foo4=persistentStorage.locationData@27061fe}
2020-01-25 18:53:14,760 INFO  [Thread-1] root: Sent Message: Status is PUT_SUCCESS; Key is foo4; Value is bar4
2020-01-25 18:53:18,185 INFO  [Thread-1] root: Received Message: Status is GET; Key is foo3; Value is null
2020-01-25 18:53:18,185 INFO  [Thread-1] root: Finished put; key: foo3
2020-01-25 18:53:18,186 INFO  [Thread-1] root: Sent Message: Status is GET_SUCCESS; Key is foo3; Value is bar3
2020-01-26 00:32:36,492 INFO  [main] root: Initialize FIFO cache with cache size: 3
2020-01-26 00:32:36,494 INFO  [Thread-0] root: Initialize server ...
2020-01-26 00:32:36,496 INFO  [Thread-0] root: Server listening on port: 58828
